<?xml version="1.0" encoding="UTF-8"?>
<!-- Generated by org.testng.reporters.JUnitReportReporter -->
<testsuite hostname="Asus-PC" failures="0" tests="4" name="TestCases.parallerTesting" time="326.261" errors="0" timestamp="2022-08-17T22:51:49 IST" skipped="0">
  <testcase classname="TestCases.parallerTesting" name="openyoutube" time="84.382"/>
  <testcase classname="TestCases.parallerTesting" name="openfb" time="68.683"/>
  <testcase classname="TestCases.parallerTesting" name="opengoogle" time="84.491"/>
  <testcase classname="TestCases.parallerTesting" name="openflipkart" time="88.705"/>
</testsuite> <!-- TestCases.parallerTesting -->
