<?xml version="1.0" encoding="UTF-8"?>
<!-- Generated by org.testng.reporters.JUnitReportReporter -->
<testsuite hostname="Asus-PC" failures="0" tests="7" name="TestCases.DashBoardTest" time="98.976" errors="0" timestamp="2022-08-15T19:57:14 IST" skipped="0">
  <testcase classname="TestCases.DashBoardTest" name="VerifyLogoutTest" time="19.308"/>
  <testcase classname="TestCases.DashBoardTest" name="VerifyLogoTest" time="11.951"/>
  <testcase classname="TestCases.DashBoardTest" name="VerifyemailTest" time="12.405"/>
  <testcase classname="TestCases.DashBoardTest" name="VerifyUserID" time="14.683"/>
  <testcase classname="TestCases.DashBoardTest" name="VerifyNameTest" time="11.327"/>
  <testcase classname="TestCases.DashBoardTest" name="VerifyUserNameTest" time="17.187"/>
  <testcase classname="TestCases.DashBoardTest" name="VerifyListBoxTest" time="12.115"/>
</testsuite> <!-- TestCases.DashBoardTest -->
