<?xml version="1.0" encoding="UTF-8"?>
<!-- Generated by org.testng.reporters.JUnitReportReporter -->
<testsuite hostname="Asus-PC" failures="0" tests="1" name="TestCases.AllAnotationSequence" time="0.022" errors="0" timestamp="2022-08-17T12:48:55 IST" skipped="0">
  <testcase classname="TestCases.AllAnotationSequence" name="test5" time="0.022"/>
</testsuite> <!-- TestCases.AllAnotationSequence -->
