<?xml version="1.0" encoding="UTF-8"?>
<!-- Generated by org.testng.reporters.JUnitReportReporter -->
<testsuite hostname="Asus-PC" failures="0" tests="4" name="TestCases.LoginPageTest" time="36.018" errors="0" timestamp="2022-08-17T22:30:44 IST" skipped="0">
  <testcase classname="TestCases.LoginPageTest" name="verifyAppTitleTest" time="11.078"/>
  <testcase classname="TestCases.LoginPageTest" name="loginZerodhaAppTest" time="10.842"/>
  <testcase classname="TestCases.LoginPageTest" name="verifyKiteLabelTest" time="6.969"/>
  <testcase classname="TestCases.LoginPageTest" name="verifyKiteLogoTest" time="7.129"/>
</testsuite> <!-- TestCases.LoginPageTest -->
