<?xml version="1.0" encoding="UTF-8"?>
<!-- Generated by org.testng.reporters.JUnitReportReporter -->
<testsuite hostname="Asus-PC" failures="0" tests="6" name="TestCases.OrderPageTest" time="81.049" errors="0" timestamp="2022-08-15T19:57:14 IST" skipped="0">
  <testcase classname="TestCases.OrderPageTest" name="IOPOptionTest" time="12.970"/>
  <testcase classname="TestCases.OrderPageTest" name="GTTOptionTest" time="15.218"/>
  <testcase classname="TestCases.OrderPageTest" name="BasketOptionTest" time="14.276"/>
  <testcase classname="TestCases.OrderPageTest" name="SIPOptionTest" time="13.074"/>
  <testcase classname="TestCases.OrderPageTest" name="OrderOptionTest" time="12.191"/>
  <testcase classname="TestCases.OrderPageTest" name="AlertOptionTest" time="13.320"/>
</testsuite> <!-- TestCases.OrderPageTest -->
