<?xml version="1.0" encoding="UTF-8"?>
<!-- Generated by org.testng.reporters.JUnitReportReporter -->
<testsuite hostname="Asus-PC" failures="0" tests="2" name="TestCases.Holding_pageTest" time="31.491" errors="0" timestamp="2022-08-15T19:57:14 IST" skipped="0">
  <testcase classname="TestCases.Holding_pageTest" name="clickOnHoldingTest" time="13.914"/>
  <testcase classname="TestCases.Holding_pageTest" name="dropdownTest" time="17.577"/>
</testsuite> <!-- TestCases.Holding_pageTest -->
