<?xml version="1.0" encoding="UTF-8"?>
<!-- Generated by org.testng.reporters.JUnitReportReporter -->
<testsuite hostname="Asus-PC" failures="0" tests="2" name="TestCases.SoftAssertionTest" time="10.026" errors="0" timestamp="2022-08-22T12:35:09 IST" skipped="1">
  <testcase classname="TestCases.SoftAssertionTest" name="softassertion" time="10.026"/>
  <testcase classname="TestCases.SoftAssertionTest" name="hardasserion">
    <skipped/>
  </testcase> <!-- hardasserion -->
</testsuite> <!-- TestCases.SoftAssertionTest -->
